<?xml version="1.0" encoding="UTF-8"?>
<testng-results skipped="0" failed="0" total="4" passed="4">
  <reporter-output>
  </reporter-output>
  <suite name="Default suite" duration-ms="174732" started-at="2019-07-31T05:18:16Z" finished-at="2019-07-31T05:21:10Z">
    <groups>
    </groups>
    <test name="Default test" duration-ms="174732" started-at="2019-07-31T05:18:16Z" finished-at="2019-07-31T05:21:10Z">
      <class name="com.training.sanity.tests.RTTC_063">
        <test-method status="PASS" signature="setUpBeforeClass()[pri:0, instance:com.training.sanity.tests.RTTC_063@2a18f23c]" name="setUpBeforeClass" is-config="true" duration-ms="42319" started-at="2019-07-31T10:48:16Z" finished-at="2019-07-31T10:48:58Z">
          <reporter-output>
          </reporter-output>
        </test-method> <!-- setUpBeforeClass -->
        <test-method status="PASS" signature="retailLogin()[pri:0, instance:com.training.sanity.tests.RTTC_063@2a18f23c]" name="retailLogin" duration-ms="22174" started-at="2019-07-31T10:48:58Z" finished-at="2019-07-31T10:49:20Z">
          <reporter-output>
          </reporter-output>
        </test-method> <!-- retailLogin -->
        <test-method status="PASS" signature="tearDown()[pri:0, instance:com.training.sanity.tests.RTTC_063@2a18f23c]" name="tearDown" is-config="true" duration-ms="1001" started-at="2019-07-31T10:49:20Z" finished-at="2019-07-31T10:49:21Z">
          <reporter-output>
          </reporter-output>
        </test-method> <!-- tearDown -->
        <test-method status="PASS" signature="retailLogin2()[pri:1, instance:com.training.sanity.tests.RTTC_063@2a18f23c]" name="retailLogin2" duration-ms="11174" started-at="2019-07-31T10:49:21Z" finished-at="2019-07-31T10:49:32Z">
          <reporter-output>
          </reporter-output>
        </test-method> <!-- retailLogin2 -->
        <test-method status="PASS" signature="tearDown()[pri:0, instance:com.training.sanity.tests.RTTC_063@2a18f23c]" name="tearDown" is-config="true" duration-ms="1014" started-at="2019-07-31T10:49:32Z" finished-at="2019-07-31T10:49:33Z">
          <reporter-output>
          </reporter-output>
        </test-method> <!-- tearDown -->
        <test-method status="PASS" signature="retailLogin3()[pri:2, instance:com.training.sanity.tests.RTTC_063@2a18f23c]" name="retailLogin3" duration-ms="77720" started-at="2019-07-31T10:49:33Z" finished-at="2019-07-31T10:50:51Z">
          <reporter-output>
          </reporter-output>
        </test-method> <!-- retailLogin3 -->
        <test-method status="PASS" signature="tearDown()[pri:0, instance:com.training.sanity.tests.RTTC_063@2a18f23c]" name="tearDown" is-config="true" duration-ms="1016" started-at="2019-07-31T10:50:51Z" finished-at="2019-07-31T10:50:52Z">
          <reporter-output>
          </reporter-output>
        </test-method> <!-- tearDown -->
        <test-method status="PASS" signature="retailLogin4()[pri:3, instance:com.training.sanity.tests.RTTC_063@2a18f23c]" name="retailLogin4" duration-ms="17290" started-at="2019-07-31T10:50:52Z" finished-at="2019-07-31T10:51:09Z">
          <reporter-output>
          </reporter-output>
        </test-method> <!-- retailLogin4 -->
        <test-method status="PASS" signature="tearDown()[pri:0, instance:com.training.sanity.tests.RTTC_063@2a18f23c]" name="tearDown" is-config="true" duration-ms="1004" started-at="2019-07-31T10:51:09Z" finished-at="2019-07-31T10:51:10Z">
          <reporter-output>
          </reporter-output>
        </test-method> <!-- tearDown -->
      </class> <!-- com.training.sanity.tests.RTTC_063 -->
    </test> <!-- Default test -->
  </suite> <!-- Default suite -->
</testng-results>
