<?xml version="1.0" encoding="UTF-8"?>
<testng-results skipped="0" failed="0" total="1" passed="1">
  <reporter-output>
  </reporter-output>
  <suite name="Default suite" duration-ms="37972" started-at="2019-07-05T08:48:26Z" finished-at="2019-07-05T08:49:04Z">
    <groups>
    </groups>
    <test name="Default test" duration-ms="37972" started-at="2019-07-05T08:48:26Z" finished-at="2019-07-05T08:49:04Z">
      <class name="com.training.sanity.tests.RTTC_003">
        <test-method status="PASS" signature="setUpBeforeClass()[pri:0, instance:com.training.sanity.tests.RTTC_003@2a18f23c]" name="setUpBeforeClass" is-config="true" duration-ms="10475" started-at="2019-07-05T14:18:26Z" finished-at="2019-07-05T14:18:37Z">
          <reporter-output>
          </reporter-output>
        </test-method> <!-- setUpBeforeClass -->
        <test-method status="PASS" signature="Login()[pri:0, instance:com.training.sanity.tests.RTTC_003@2a18f23c]" name="Login" duration-ms="25647" started-at="2019-07-05T14:18:37Z" finished-at="2019-07-05T14:19:02Z">
          <reporter-output>
          </reporter-output>
        </test-method> <!-- Login -->
        <test-method status="PASS" signature="tearDown()[pri:0, instance:com.training.sanity.tests.RTTC_003@2a18f23c]" name="tearDown" is-config="true" duration-ms="1830" started-at="2019-07-05T14:19:02Z" finished-at="2019-07-05T14:19:04Z">
          <reporter-output>
          </reporter-output>
        </test-method> <!-- tearDown -->
      </class> <!-- com.training.sanity.tests.RTTC_003 -->
    </test> <!-- Default test -->
  </suite> <!-- Default suite -->
</testng-results>
