<?xml version="1.0" encoding="UTF-8"?>
<!-- Generated by org.testng.reporters.JUnitXMLReporter -->
<testsuite hostname="DESKTOP-02PI66G" name="Default test" tests="4" failures="0" timestamp="31 Jul 2019 05:21:10 GMT" time="174.732" errors="0">
  <testcase name="retailLogin" time="22.174" classname="com.training.sanity.tests.RTTC_063"/>
  <testcase name="retailLogin2" time="11.174" classname="com.training.sanity.tests.RTTC_063"/>
  <testcase name="retailLogin3" time="77.72" classname="com.training.sanity.tests.RTTC_063"/>
  <testcase name="retailLogin4" time="17.29" classname="com.training.sanity.tests.RTTC_063"/>
</testsuite> <!-- Default test -->
